FAIL: running pytest (iteration 1/3)
.F.F.                                                                    [100%]
================================== FAILURES ===================================
_____________________________ test_subtract_basic _____________________________

    def test_subtract_basic():
>       assert subtract(7, 4) == 3
E       assert 11 == 3
E        +  where 11 = subtract(7, 4)

tests\test_calculator.py:16: AssertionError
__________________________ test_divide_returns_float __________________________

    def test_divide_returns_float():
>       assert divide(7, 2) == 3.5
E       assert 3 == 3.5
E        +  where 3 = divide(7, 2)

tests\test_calculator.py:24: AssertionError
=========================== short test summary info ===========================
FAILED tests/test_calculator.py::test_subtract_basic - assert 11 == 3
FAILED tests/test_calculator.py::test_divide_returns_float - assert 3 == 3.5
2 failed, 3 passed in 0.24s
PATCH: applied fixes for test_divide_returns_float, test_subtract_basic
FAIL: running pytest (iteration 2/3)
.....                                                                    [100%]
5 passed in 0.17s
PASS: all tests are green
